  stdafx.cpp
  ADlg.cpp
  AddDlg.cpp
  CDbUtil.cpp
  CGridReg.cpp
  HtmlScanDlg.cpp
  ScanDlg.cpp
  UTN.cpp
UTN.cpp(36): warning C4996: 'strdup': The POSIX name for this item is deprecated. Instead, use the ISO C and C++ conformant name: _strdup. See online help for details.
  C:\Program Files (x86)\Windows Kits\10\Include\10.0.16299.0\ucrt\string.h(538): note: 参见“strdup”的声明
  shipyy.cpp
  shipyyDlg.cpp
  Unknown compiler version - please run the configure tests and report the results
shipyyDlg.cpp(219): warning C4101: “e”: 未引用的局部变量
shipyyDlg.cpp(376): warning C4101: “res”: 未引用的局部变量
  正在生成代码
  2 of 700 functions ( 0.3%) were compiled, the rest were copied from previous compilation.
    0 functions were new in current compilation
    0 functions had inline decision re-evaluated but remain unchanged
  已完成代码的生成
  shipyy.vcxproj -> F:\w\vs2017\amaze\x64\Release\shipyy.exe
