f:\w\vs2017\amaze\shipyy\x64\release\shipyy.pch
f:\w\vs2017\amaze\shipyy\x64\release\vc141.pdb
f:\w\vs2017\amaze\shipyy\x64\release\stdafx.obj
f:\w\vs2017\amaze\shipyy\x64\release\utn.obj
f:\w\vs2017\amaze\shipyy\x64\release\shipyydlg.obj
f:\w\vs2017\amaze\shipyy\x64\release\shipyy.obj
f:\w\vs2017\amaze\shipyy\x64\release\scandlg.obj
f:\w\vs2017\amaze\shipyy\x64\release\htmlscandlg.obj
f:\w\vs2017\amaze\shipyy\x64\release\cgridreg.obj
f:\w\vs2017\amaze\shipyy\x64\release\cdbutil.obj
f:\w\vs2017\amaze\shipyy\x64\release\adlg.obj
f:\w\vs2017\amaze\shipyy\x64\release\adddlg.obj
f:\w\vs2017\amaze\x64\release\shipyy.exe
f:\w\vs2017\amaze\x64\release\shipyy.pdb
f:\w\vs2017\amaze\shipyy\x64\release\shipyy.res
f:\w\vs2017\amaze\x64\release\shipyy.ipdb
f:\w\vs2017\amaze\x64\release\shipyy.iobj
f:\w\vs2017\amaze\shipyy\x64\release\grdes.tli
f:\w\vs2017\amaze\shipyy\x64\release\gregn.tli
f:\w\vs2017\amaze\shipyy\x64\release\grdes.tlh
f:\w\vs2017\amaze\shipyy\x64\release\gregn.tlh
f:\w\vs2017\amaze\shipyy\x64\release\shipyy.tlog\cl.command.1.tlog
f:\w\vs2017\amaze\shipyy\x64\release\shipyy.tlog\cl.read.1.tlog
f:\w\vs2017\amaze\shipyy\x64\release\shipyy.tlog\cl.write.1.tlog
f:\w\vs2017\amaze\shipyy\x64\release\shipyy.tlog\link.command.1.tlog
f:\w\vs2017\amaze\shipyy\x64\release\shipyy.tlog\link.read.1.tlog
f:\w\vs2017\amaze\shipyy\x64\release\shipyy.tlog\link.write.1.tlog
f:\w\vs2017\amaze\shipyy\x64\release\shipyy.tlog\rc.command.1.tlog
f:\w\vs2017\amaze\shipyy\x64\release\shipyy.tlog\rc.read.1.tlog
f:\w\vs2017\amaze\shipyy\x64\release\shipyy.tlog\rc.write.1.tlog
f:\w\vs2017\amaze\shipyy\x64\release\shipyy.tlog\shipyy.write.1u.tlog
